Thu 09:08: PROGRESS: MaxCompiler version: 2015.2
Thu 09:08: PROGRESS: Build "TwoDAverageDynamic" start time: Thu May 31 09:08:07 UTC 2018
Thu 09:08: PROGRESS: Main build process running as user a01463926 on host 51becad47ac9
Thu 09:08: INFO    : Loading build properties from bundled MaxCompiler_build.conf...
Thu 09:08: INFO    : Loading default build properties from /opt/MaxCompiler_build.conf
Thu 09:08: INFO    : User build properties not found in file: /home/a01463926/.MaxCompiler_build_user.conf
Thu 09:08: INFO    : No user-specified external build property file has been specified.
Thu 09:08: INFO    : (Set environment variable MAXCOMPILER_BUILD_CONF_FILE to assign one)
Thu 09:08: INFO    : Loading additional parameters from MAXCOMPILER_BUILD_CONF environment variable
Thu 09:08: PROGRESS: Build location: /tmp/TwoDAverageDynamic_MAIA_DFE_SIM
Thu 09:08: PROGRESS: Detailed build log available in "_build.log"
Thu 09:08: INFO    : Created build manager TwoDAverageDynamic (TwoDAverageDynamic_MAIA_DFE_SIM Thu May 31 09:08:07 UTC 2018). (09:08:07 31/05/18)
Thu 09:08: INFO    : Working in dir: /tmp/TwoDAverageDynamic_MAIA_DFE_SIM
Thu 09:08: INFO    : Java class path (2 paths):
Thu 09:08: INFO    : 	/home/a01463926/WebIDE-Projects/EdgeSegmentation2/RunRules/Simulation/dist/bin
Thu 09:08: INFO    : 	/opt/maxcompiler/lib/MaxCompiler.jar
Thu 09:08: INFO    : Java process started by 'main' method in class 'twodaveragedynamic.TwoDAverageDynamicManager'.
Thu 09:08: INFO    : build.arbitrated_core_cache parameter is blank, not using core-cache
Thu 09:08: INFO    : Checking license files in directory: /opt/maxcompiler//licenses
Thu 09:08: INFO    : All license signatures valid.
Thu 09:08: PROGRESS: Instantiating manager
Thu 09:08: PROGRESS: Instantiating kernel "TwoDAverageDynamicKernel"
Thu 09:08: INFO    : Backing-up source-files (old source files in build directory will be removed first)...
Thu 09:08: INFO    : Source directories: src
Thu 09:08: INFO    : Not deleting directory (does not exist): src
Thu 09:08: INFO    : Copying source-files took 2.80352 ms
Thu 09:08: PROGRESS: Compiling manager (CPU I/O Only)
Thu 09:08: INFO    : Backing-up source-files (old source files in build directory will be removed first)...
Thu 09:08: INFO    : Source directories: src
Thu 09:08: INFO    : Deleting directory: src
Thu 09:08: INFO    : Copying source-files took 2.58343 ms
Thu 09:08: INFO    : Manager Configuration:
Thu 09:08: INFO    : 	ManagerConfiguration.allowNonMultipleTransitions = false                   [Init: false]
Thu 09:08: INFO    : 	ManagerConfiguration.board = MAX4848A                                      [Init: null, init: MAX4848A]
Thu 09:08: INFO    : 	ManagerConfiguration.build.buildEffort = MEDIUM                            [Init: MEDIUM]
Thu 09:08: INFO    : 	ManagerConfiguration.build.enableChipScopeInserter = false                 [Init: false]
Thu 09:08: INFO    : 	ManagerConfiguration.build.enableTimingAnalysis = true                     [Init: true]
Thu 09:08: INFO    : 	ManagerConfiguration.build.level = FULL_BUILD                              [Init: FULL_BUILD]
Thu 09:08: INFO    : 	ManagerConfiguration.build.mpprContinueAfterMeetingTiming = false          [Init: false]
Thu 09:08: INFO    : 	ManagerConfiguration.build.mpprCtMax = 1                                   [Init: 1]
Thu 09:08: INFO    : 	ManagerConfiguration.build.mpprCtMin = 1                                   [Init: 1]
Thu 09:08: INFO    : 	ManagerConfiguration.build.mpprParallelism = 1                             [Init: 1]
Thu 09:08: INFO    : 	ManagerConfiguration.build.mpprRetryMissesThrshld = 0                      [Init: 0]
Thu 09:08: INFO    : 	ManagerConfiguration.build.optGoal = BALANCED                              [Init: BALANCED]
Thu 09:08: INFO    : 	ManagerConfiguration.build.physSynthAsyncPipelining = AUTO                 [Init: AUTO]
Thu 09:08: INFO    : 	ManagerConfiguration.build.physSynthCombLogic = AUTO                       [Init: AUTO]
Thu 09:08: INFO    : 	ManagerConfiguration.build.physSynthCombLogicForArea = AUTO                [Init: AUTO]
Thu 09:08: INFO    : 	ManagerConfiguration.build.physSynthEffort = AUTO                          [Init: AUTO]
Thu 09:08: INFO    : 	ManagerConfiguration.build.physSynthRegDuplication = AUTO                  [Init: AUTO]
Thu 09:08: INFO    : 	ManagerConfiguration.build.physSynthRetiming = AUTO                        [Init: AUTO]
Thu 09:08: INFO    : 	ManagerConfiguration.build.physicalSynthesis = false                       [Init: false]
Thu 09:08: INFO    : 	ManagerConfiguration.buildTarget = DFE_SIM                                 [Init: null, init: DFE_SIM]
Thu 09:08: INFO    : 	ManagerConfiguration.debug.chipscopeCaptureDepth = 4096                    [Init: 4096]
Thu 09:08: INFO    : 	ManagerConfiguration.debug.fifoUnderOverFlowRegs = false                   [Init: false]
Thu 09:08: INFO    : 	ManagerConfiguration.debug.memCtlDebugRegs = true                          [Init: true]
Thu 09:08: INFO    : 	ManagerConfiguration.debug.memCtlExtraDebugRegs = false                    [Init: false]
Thu 09:08: INFO    : 	ManagerConfiguration.debug.memMarginingSupport = false                     [Init: false]
Thu 09:08: INFO    : 	ManagerConfiguration.debug.memPhyDebugRegister = NONE                      [Init: NONE]
Thu 09:08: INFO    : 	ManagerConfiguration.debug.memPllLockDebugRegs = true                      [Init: true]
Thu 09:08: INFO    : 	ManagerConfiguration.debug.streamStatus = false                            [Init: false]
Thu 09:08: INFO    : 	ManagerConfiguration.debug.streamStatusChecksums = false                   [Init: false]
Thu 09:08: INFO    : 	ManagerConfiguration.dram.addressGeneratorsInSlowClock = false             [Init: false]
Thu 09:08: INFO    : 	ManagerConfiguration.dram.arbitrationMode = ROUND_ROBIN                    [Init: ROUND_ROBIN]
Thu 09:08: INFO    : 	ManagerConfiguration.dram.burstSize = 8                                    [Init: 8]
Thu 09:08: INFO    : 	ManagerConfiguration.dram.cmdFifoInReg = false                             [Init: false]
Thu 09:08: INFO    : 	ManagerConfiguration.dram.cmdFifoLutRam = false                            [Init: false]
Thu 09:08: INFO    : 	ManagerConfiguration.dram.cmdFifoRegInRam = true                           [Init: true]
Thu 09:08: INFO    : 	ManagerConfiguration.dram.cmdFifoSize = 31                                 [Init: 31]
Thu 09:08: INFO    : 	ManagerConfiguration.dram.commandEchoModeEnabled = false                   [Init: false]
Thu 09:08: INFO    : 	ManagerConfiguration.dram.commandEchoModeFifoDepth = 512                   [Init: 512]
Thu 09:08: INFO    : 	ManagerConfiguration.dram.commandEchoModeStreamAlmostEmptyLatency = 792    [Init: 792]
Thu 09:08: INFO    : 	ManagerConfiguration.dram.commandEchoModeStreamAlmostEmptyLatency = 8      [Init: 8]
Thu 09:08: INFO    : 	ManagerConfiguration.dram.commandEchoModeStreamStallLatency = 8            [Init: 8]
Thu 09:08: INFO    : 	ManagerConfiguration.dram.dataFifoDepth = 512                              [Init: 512]
Thu 09:08: INFO    : 	ManagerConfiguration.dram.dataFifoLutRam = false                           [Init: false]
Thu 09:08: INFO    : 	ManagerConfiguration.dram.dataFifoWidth = 792                              [Init: 792]
Thu 09:08: INFO    : 	ManagerConfiguration.dram.eccMode = true                                   [Init: false, change: true]
Thu 09:08: INFO    : 	ManagerConfiguration.dram.fabricDataFifoReg = true                         [Init: true]
Thu 09:08: INFO    : 	ManagerConfiguration.dram.fabricRdDataFifoReg = false                      [Init: false]
Thu 09:08: INFO    : 	ManagerConfiguration.dram.flagSupport = false                              [Init: false]
Thu 09:08: INFO    : 	ManagerConfiguration.dram.highPrioStream = false                           [Init: false]
Thu 09:08: INFO    : 	ManagerConfiguration.dram.max2CompatMode = false                           [Init: false]
Thu 09:08: INFO    : 	ManagerConfiguration.dram.max4m_GALAVA_MCP_UseRefClk = false               [Init: false]
Thu 09:08: INFO    : 	ManagerConfiguration.dram.max4m_MAIA_MCP_UseRefClk = false                 [Init: false]
Thu 09:08: INFO    : 	ManagerConfiguration.dram.max4qrateMode = false                            [Init: false]
Thu 09:08: INFO    : 	ManagerConfiguration.dram.memCmdIncSize = 8                                [Init: 8]
Thu 09:08: INFO    : 	ManagerConfiguration.dram.memCmdStartAddrSize = 32                         [Init: 32]
Thu 09:08: INFO    : 	ManagerConfiguration.dram.onCardMemFreq = 400.0                            [Init: 0.0, change: 400.0]
Thu 09:08: INFO    : 	ManagerConfiguration.dram.parEccDebugStream = false                        [Init: false]
Thu 09:08: INFO    : 	ManagerConfiguration.dram.parityEccWidth = 72                              [Init: 0, change: 72]
Thu 09:08: INFO    : 	ManagerConfiguration.dram.parityMode = true                                [Init: false, change: true]
Thu 09:08: INFO    : 	ManagerConfiguration.dram.perdqsPhaseDetect = false                        [Init: false]
Thu 09:08: INFO    : 	ManagerConfiguration.dram.performanceMode = true                           [Init: true]
Thu 09:08: INFO    : 	ManagerConfiguration.enableMPCX = false                                    [Init: false, init: false]
Thu 09:08: INFO    : 	ManagerConfiguration.maxring.maxringConnections = []                       [Init: []]
Thu 09:08: INFO    : 	ManagerConfiguration.maxring.maxringNumLanes = {}                          [Init: {}]
Thu 09:08: INFO    : 	ManagerConfiguration.multiCycleMappedMemoryBus = false                     [Init: false]
Thu 09:08: INFO    : 	ManagerConfiguration.network.qsfp0Mode = QSFP_OFF                          [Init: QSFP_OFF]
Thu 09:08: INFO    : 	ManagerConfiguration.network.qsfp1Mode = QSFP_OFF                          [Init: QSFP_OFF]
Thu 09:08: INFO    : 	ManagerConfiguration.network.qsfp2Mode = QSFP_OFF                          [Init: QSFP_OFF]
Thu 09:08: INFO    : 	ManagerConfiguration.network.qsfp3Mode = QSFP_OFF                          [Init: QSFP_OFF]
Thu 09:08: INFO    : 	ManagerConfiguration.network.qsfp4Mode = QSFP_OFF                          [Init: QSFP_OFF]
Thu 09:08: INFO    : 	ManagerConfiguration.network.qsfp5Mode = QSFP_OFF                          [Init: QSFP_OFF]
Thu 09:08: INFO    : 	ManagerConfiguration.network.qsfp6Mode = QSFP_OFF                          [Init: QSFP_OFF]
Thu 09:08: INFO    : 	ManagerConfiguration.network.qsfp7Mode = QSFP_OFF                          [Init: QSFP_OFF]
Thu 09:08: INFO    : 	ManagerConfiguration.pcie.numPCIeLanes = 8                                 [Init: 0, change: 8]
Thu 09:08: INFO    : 	ManagerConfiguration.pcie.pcieFastClock = true                             [Init: false, change: true]
Thu 09:08: INFO    : 	ManagerConfiguration.pcie.streamFromHostMaxNum = 0                         [Init: 0]
Thu 09:08: INFO    : 	ManagerConfiguration.pcie.streamToHostMaxNum = 0                           [Init: 0]
Thu 09:08: INFO    : 	ManagerConfiguration.persona.boardModel = MAX4848A                         [Init: null, change: MAX4848A]
Thu 09:08: INFO    : 	ManagerConfiguration.persona.ddr3Enable = false                            [Init: false]
Thu 09:08: INFO    : 	ManagerConfiguration.persona.ddr3Frq = 400.0                               [Init: 400.0]
Thu 09:08: INFO    : 	ManagerConfiguration.persona.ddr3Qmode = false                             [Init: false]
Thu 09:08: INFO    : 	ManagerConfiguration.persona.disableMultiplePersona = true                 [Init: true]
Thu 09:08: INFO    : 	ManagerConfiguration.persona.dynamic_scaling = false                       [Init: false]
Thu 09:08: INFO    : 	ManagerConfiguration.persona.enableCPLDOverrideOutpus = false              [Init: false]
Thu 09:08: INFO    : 	ManagerConfiguration.persona.enableJDFEPTPTestLogic = false                [Init: false]
Thu 09:08: INFO    : 	ManagerConfiguration.persona.maxRingLocal = false                          [Init: false]
Thu 09:08: INFO    : 	ManagerConfiguration.persona.maxRingOptical = false                        [Init: false]
Thu 09:08: INFO    : 	ManagerConfiguration.persona.maxringDataRate = 2500.0                      [Init: 2500.0]
Thu 09:08: INFO    : 	ManagerConfiguration.persona.maxringOpticalDataRate = 10000.0              [Init: 10000.0]
Thu 09:08: INFO    : 	ManagerConfiguration.persona.mode = InitMode                               [Init: InitMode]
Thu 09:08: INFO    : 	ManagerConfiguration.persona.networkPTP = OFF                              [Init: OFF]
Thu 09:08: INFO    : 	ManagerConfiguration.persona.panMaxRingA = false                           [Init: false]
Thu 09:08: INFO    : 	ManagerConfiguration.persona.panMaxRingB = false                           [Init: false]
Thu 09:08: INFO    : 	ManagerConfiguration.persona.personaInterfaceVersion = 1                   [Init: 1]
Thu 09:08: INFO    : 	ManagerConfiguration.persona.qdr2Enable = false                            [Init: false]
Thu 09:08: INFO    : 	ManagerConfiguration.persona.qdr2Frq = 350.0                               [Init: 350.0]
Thu 09:08: INFO    : 	ManagerConfiguration.persona.streamClks = 1                                [Init: 1]
Thu 09:08: INFO    : 	ManagerConfiguration.persona.streamFrq = [100.0]                           [Init: [150.0], change: [100.0]]
Thu 09:08: INFO    : 	ManagerConfiguration.persona.streamPs = [0]                                [Init: [0]]
Thu 09:08: INFO    : 	ManagerConfiguration.persona.usePCIeGen1 = false                           [Init: false]
Thu 09:08: INFO    : 	ManagerConfiguration.simulation.nativeFloatingPoint = false                [Init: false]
Thu 09:08: INFO    : 	ManagerConfiguration.streamClockFrq = 100                                  [Init: 100]
Thu 09:08: INFO    : 	ManagerConfiguration.useLegacyStreamFIFOs = false                          [Init: false]
Thu 09:08: INFO    : 
Thu 09:08: INFO    :  -- 
Thu 09:08: PROGRESS: 
Thu 09:08: PROGRESS: Compiling kernel "TwoDAverageDynamicKernel"
Thu 09:08: INFO    : Configuration:
Thu 09:08: INFO    : 	KernelConfiguration.additionalInputPipelining = 64                                          [Init: 64]
Thu 09:08: INFO    : 	KernelConfiguration.allowDSPCascading = true                                                [Init: true]
Thu 09:08: INFO    : 	KernelConfiguration.allowInputsOutputsBeforeFlushNode = false                               [Init: false]
Thu 09:08: INFO    : 	KernelConfiguration.allowZeroLatencyNodeHold = false                                        [Init: false]
Thu 09:08: INFO    : 	KernelConfiguration.board = MAX4848A                                                        [Init: MAX2116B, change: MAX4848A]
Thu 09:08: INFO    : 	KernelConfiguration.bramBitsThreshold = 2080                                                [Init: 2080]
Thu 09:08: INFO    : 	KernelConfiguration.buildTarget = MAXCOMPILERSIM_HOST_DRIVEN                                [Init: NONE, change: MAXCOMPILERSIM_HOST_DRIVEN]
Thu 09:08: INFO    : 	KernelConfiguration.cePipelining = 2                                                        [Init: 2]
Thu 09:08: INFO    : 	KernelConfiguration.clockPhaseBalanceThreshold = 0.1                                        [Init: 0.1]
Thu 09:08: INFO    : 	KernelConfiguration.clockPhasingRetries = 50                                                [Init: 50]
Thu 09:08: INFO    : 	KernelConfiguration.dumpNeighboursString =                                                  [Init: ]
Thu 09:08: INFO    : 	KernelConfiguration.enableCeReplication = true                                              [Init: true]
Thu 09:08: INFO    : 	KernelConfiguration.enableClockPhasePartitioning = false                                    [Init: false]
Thu 09:08: INFO    : 	KernelConfiguration.enableDebugIOControlRegs = true                                         [Init: true]
Thu 09:08: INFO    : 	KernelConfiguration.enableDummyBuild = false                                                [Init: false]
Thu 09:08: INFO    : 	KernelConfiguration.enableKernelProfiler = false                                            [Init: false]
Thu 09:08: INFO    : 	KernelConfiguration.enablePipelinedComputeController = false                                [Init: false]
Thu 09:08: INFO    : 	KernelConfiguration.enableShadowRegister = false                                            [Init: false]
Thu 09:08: INFO    : 	KernelConfiguration.enableSmartKernelControl = false                                        [Init: false]
Thu 09:08: INFO    : 	KernelConfiguration.fifoSrlRegisterStages = 1                                               [Init: 1]
Thu 09:08: INFO    : 	KernelConfiguration.flushOnInputDataCongtiguous = false                                     [Init: false]
Thu 09:08: INFO    : 	KernelConfiguration.hardwareDebugDepth = 512                                                [Init: 512]
Thu 09:08: INFO    : 	KernelConfiguration.hwHierarchyMode = UNSET                                                 [Init: UNSET]
Thu 09:08: INFO    : 	KernelConfiguration.latencyAnnotation = false                                               [Init: false]
Thu 09:08: INFO    : 	KernelConfiguration.latencyAnnotationIOs =                                                  [Init: null]
Thu 09:08: INFO    : 	KernelConfiguration.maxCoalescedFifoWidth = 2147483647                                      [Init: 2147483647]
Thu 09:08: INFO    : 	KernelConfiguration.maxPreAdderFanOut = 1                                                   [Init: 1]
Thu 09:08: INFO    : 	KernelConfiguration.netlistMode = false                                                     [Init: false]
Thu 09:08: INFO    : 	KernelConfiguration.numPhotonStateMachines = 1                                              [Init: 1]
Thu 09:08: INFO    : 	KernelConfiguration.optimizations.ceCounterRegisterDuplication = 1                          [Init: 1]
Thu 09:08: INFO    : 	KernelConfiguration.optimizations.conditionalArithmetic = true                              [Init: true]
Thu 09:08: INFO    : 	KernelConfiguration.optimizations.counterChainWrapPipelining = 0                            [Init: 0]
Thu 09:08: INFO    : 	KernelConfiguration.optimizations.dspAddChain = OPTIMISE                                    [Init: null, Init after BuildTarget change: OPTIMISE]
Thu 09:08: INFO    : 	KernelConfiguration.optimizations.enableActiveFanoutReduction = false                       [Init: false]
Thu 09:08: INFO    : 	KernelConfiguration.optimizations.enableBUFGCE = false                                      [Init: false]
Thu 09:08: INFO    : 	KernelConfiguration.optimizations.enableBetterInputRegistering = false                      [Init: false]
Thu 09:08: INFO    : 	KernelConfiguration.optimizations.enableBetterRegistering = false                           [Init: false]
Thu 09:08: INFO    : 	KernelConfiguration.optimizations.enableFIFOCoalescingAcrossPlacementConstraints = false    [Init: false]
Thu 09:08: INFO    : 	KernelConfiguration.optimizations.enableFifoCoalescing = true                               [Init: true]
Thu 09:08: INFO    : 	KernelConfiguration.optimizations.enableFullPrecisionBinaryOpConstants = false              [Init: false]
Thu 09:08: INFO    : 	KernelConfiguration.optimizations.enableIntegratedRounding = false                          [Init: false]
Thu 09:08: INFO    : 	KernelConfiguration.optimizations.enableMappedMemoryHostReadBack = true                     [Init: true]
Thu 09:08: INFO    : 	KernelConfiguration.optimizations.enableMultiCycleReset = false                             [Init: false]
Thu 09:08: INFO    : 	KernelConfiguration.optimizations.enablePowerTwoFloatMult = true                            [Init: true]
Thu 09:08: INFO    : 	KernelConfiguration.optimizations.enableRedundantNodeDeletion = true                        [Init: true]
Thu 09:08: INFO    : 	KernelConfiguration.optimizations.enableStateMachineRegisterMerging = true                  [Init: true]
Thu 09:08: INFO    : 	KernelConfiguration.optimizations.inputFlushDistanceFactor = 0                              [Init: 0]
Thu 09:08: INFO    : 	KernelConfiguration.optimizations.minimumStaticFIFOSplitDepth = 1                           [Init: 1]
Thu 09:08: INFO    : 	KernelConfiguration.optimizations.optimizationTechnique = DEFAULT                           [Init: DEFAULT]
Thu 09:08: INFO    : 	KernelConfiguration.optimizations.triAdd = true                                             [Init: true]
Thu 09:08: INFO    : 	KernelConfiguration.partialReconfBlockName =                                                [Init: ]
Thu 09:08: INFO    : 	KernelConfiguration.partialReconfMode = false                                               [Init: false]
Thu 09:08: INFO    : 	KernelConfiguration.partialReconfTemplate = false                                           [Init: false]
Thu 09:08: INFO    : 	KernelConfiguration.replicateNodeCeLog2NumPartitions = 0                                    [Init: 0]
Thu 09:08: INFO    : 	KernelConfiguration.romBRAMBitsThreshold = 2080                                             [Init: 2080]
Thu 09:08: INFO    : 	KernelConfiguration.simulation.ramAddressCollisionBehaviour = EXCEPTION                     [Init: EXCEPTION]
Thu 09:08: INFO    : 	KernelConfiguration.simulation.ramOutOfBoundsAccessBehaviour = EXCEPTION                    [Init: EXCEPTION]
Thu 09:08: INFO    : 	KernelConfiguration.simulation.simProgressMessageFrequency = 0                              [Init: 0]
Thu 09:08: INFO    : 
Thu 09:08: INFO    :  -- 
Thu 09:08: WARNING : Warning (UNCONNECTED_DESIGN_ELEMENT):
Thu 09:08: WARNING : Unconnected elements in design 'TwoDAverageDynamicKernel'
Thu 09:08: WARNING : details in : /tmp/TwoDAverageDynamic_MAIA_DFE_SIM/scratch/TwoDAverageDynamicKernel_graph_warnings.txt
Thu 09:08: INFO    : Writing current graph to: TwoDAverageDynamic-TwoDAverageDynamicKernel-original.pxg
Thu 09:08: INFO    : Running kernel graph-pass 'GeneratePXG'.
Thu 09:08: INFO    : Graph-pass 'GeneratePXG' took 363.827 ms (1 iterations)
Thu 09:08: INFO    : Running kernel graph-pass 'MarkConstantPass'.
Thu 09:08: INFO    : Graph-pass 'MarkConstantPass' took 3.73335 ms (1 iterations)
Thu 09:08: INFO    : Running kernel graph-pass 'ReachabilityPass'.
Thu 09:08: INFO    : Graph-pass 'ReachabilityPass' took 22.2387 ms (1 iterations)
Thu 09:08: INFO    : Running kernel graph-pass 'FindInputsLeadingToFlush'.
Thu 09:08: INFO    : Graph-pass 'FindInputsLeadingToFlush' took 226.253 ?s (1 iterations)
Thu 09:08: INFO    : Running kernel graph-pass 'CheckForStatefulToFlushViolations'.
Thu 09:08: INFO    : Graph-pass 'CheckForStatefulToFlushViolations' took 422.504 ?s (1 iterations)
Thu 09:08: INFO    : Running kernel graph-pass 'CheckForInputToFlushViolations'.
Thu 09:08: INFO    : Graph-pass 'CheckForInputToFlushViolations' took 1.38740 ms (1 iterations)
Thu 09:08: INFO    : Not deleting directory (does not exist): neighbours
Thu 09:08: INFO    : Running Photon pre-schedule graph optimisations
Thu 09:08: INFO    : Running kernel graph-pass 'AlignOrEradicatePrintfs'.
Thu 09:08: INFO    : Graph-pass 'AlignOrEradicatePrintfs' took 941.051 ?s (1 iterations)
Thu 09:08: INFO    : Running kernel graph-pass 'FoldConstantsPass'.
Thu 09:08: INFO    : Graph-pass 'FoldConstantsPass' took 68.4509 ms (2 iterations)
Thu 09:08: INFO    : Running kernel graph-pass 'OptimiseNodesPass'.
Thu 09:08: INFO    : Constant multiplication by 1.00000 (node 257) has been optimized to shifts/adds
Thu 09:08: INFO    : Constant multiplication by -1.00000 (node 200) has been optimized to shifts/adds
Thu 09:08: INFO    : Constant multiplication by 1.00000 (node 172) has been optimized to shifts/adds
Thu 09:08: INFO    : Constant multiplication by -1.00000 (node 116) has been optimized to shifts/adds
Thu 09:08: INFO    : Constant multiplication by 1.00000 (node 88) has been optimized to shifts/adds
Thu 09:08: INFO    : Constant multiplication by -1.00000 (node 30) has been optimized to shifts/adds
Thu 09:08: INFO    : Graph-pass 'OptimiseNodesPass' took 39.9951 ms (2 iterations)
Thu 09:08: INFO    : Running kernel graph-pass 'DeleteRedundantNodes'.
Thu 09:08: INFO    : Graph-pass 'DeleteRedundantNodes' took 750.765 ?s (1 iterations)
Thu 09:08: INFO    : Running kernel graph-pass 'AlteraDSPExtractionGraphPass'.
Thu 09:08: INFO    : Optimized 0 sub-graphs into DSP multiply/add chains 
Thu 09:08: INFO    : Graph-pass 'AlteraDSPExtractionGraphPass' took 16.8699 ms (1 iterations)
Thu 09:08: INFO    : Running kernel graph-pass 'TriAddExtractionPass'.
Thu 09:08: INFO    : Graph-pass 'TriAddExtractionPass' took 1.55283 ms (1 iterations)
Thu 09:08: INFO    : Running kernel graph-pass 'ConditionalAddExtractionPass'.
Thu 09:08: INFO    : Optimized 0 sub-graphs into conditional adds/subs/triadds.
Thu 09:08: INFO    : Graph-pass 'ConditionalAddExtractionPass' took 1.44066 ms (1 iterations)
Thu 09:08: INFO    : Running kernel graph-pass 'PO2FPMultOptimiser'.
Thu 09:08: INFO    : Graph-pass 'PO2FPMultOptimiser' took 502.682 ?s (1 iterations)
Thu 09:08: INFO    : Running Photon simulation preparation
Thu 09:08: INFO    : Running kernel graph-pass 'PrepareSimulationPass'.
Thu 09:08: INFO    : Graph-pass 'PrepareSimulationPass' took 474.721 ?s (1 iterations)
Thu 09:08: INFO    : Logging Photon stats to: TwoDAverageDynamicKernel_photon_stats.csv
Thu 09:08: INFO    : Running kernel graph-pass 'StatsPass'.
Thu 09:08: INFO    : Graph-pass 'StatsPass' took 2.49082 ms (1 iterations)
Thu 09:08: INFO    : Running kernel graph-pass 'CollectNumericExceptions'.
Thu 09:08: INFO    : Graph-pass 'CollectNumericExceptions' took 525.858 ?s (1 iterations)
Thu 09:08: INFO    : Running kernel graph-pass 'StreamOffsetDivExpand'.
Thu 09:08: INFO    : Graph-pass 'StreamOffsetDivExpand' took 136.318 ?s (1 iterations)
Thu 09:08: INFO    : Running kernel graph-pass 'FindIllegalLoops'.
Thu 09:08: INFO    : Graph-pass 'FindIllegalLoops' took 1.57345 ms (1 iterations)
Thu 09:08: INFO    : Running kernel graph-pass 'MarkConstantPass'.
Thu 09:08: INFO    : Graph-pass 'MarkConstantPass' took 723.366 ?s (1 iterations)
Thu 09:08: INFO    : Running kernel graph-pass 'ScheduleVariables'.
Thu 09:08: INFO    : Graph-pass 'ScheduleVariables' took 3.99153 ms (1 iterations)
Thu 09:08: INFO    : Running kernel graph-pass 'SubstituteEqPlaceholders'.
Thu 09:08: INFO    : Graph-pass 'SubstituteEqPlaceholders' took 96.1310 ?s (1 iterations)
Thu 09:08: INFO    : Running kernel graph-pass 'ScheduleApplier'.
Thu 09:08: INFO    : Graph-pass 'ScheduleApplier' took 12.4365 ms (1 iterations)
Thu 09:08: INFO    : Running kernel graph-pass 'MarkConstantPass'.
Thu 09:08: INFO    : Graph-pass 'MarkConstantPass' took 716.187 ?s (1 iterations)
Thu 09:08: INFO    : Running kernel graph-pass 'ScheduleDumper'.
Thu 09:08: INFO    : Graph-pass 'ScheduleDumper' took 5.29933 ms (1 iterations)
Thu 09:08: INFO    : Running Photon post-schedule graph optimisations (pass 1)
Thu 09:08: INFO    : Running kernel graph-pass 'TapFIFOsPass'.
Thu 09:08: INFO    : Graph-pass 'TapFIFOsPass' took 1.77418 ms (1 iterations)
Thu 09:08: INFO    : Running kernel graph-pass 'FoldFIFOsPass'.
Thu 09:08: INFO    : Graph-pass 'FoldFIFOsPass' took 1.06326 ms (1 iterations)
Thu 09:08: INFO    : Running kernel graph-pass 'MarkConstantPass'.
Thu 09:08: INFO    : Graph-pass 'MarkConstantPass' took 753.263 ?s (1 iterations)
Thu 09:08: INFO    : Running kernel graph-pass 'ValidateFIFOs'.
Thu 09:08: INFO    : Graph-pass 'ValidateFIFOs' took 467.423 ?s (1 iterations)
Thu 09:08: INFO    : Running kernel graph-pass 'MarkConstantPass'.
Thu 09:08: INFO    : Graph-pass 'MarkConstantPass' took 757.761 ?s (1 iterations)
Thu 09:08: INFO    : Running kernel graph-pass 'ScheduleDumper'.
Thu 09:08: INFO    : Graph-pass 'ScheduleDumper' took 5.69430 ms (1 iterations)
Thu 09:08: INFO    : Running kernel graph-pass 'MarkConstantPass'.
Thu 09:08: INFO    : Graph-pass 'MarkConstantPass' took 741.853 ?s (1 iterations)
Thu 09:08: INFO    : Running kernel graph-pass 'ScheduleConstants'.
Thu 09:08: INFO    : Running command: "/opt/maxcompiler//bin/cbc" "TwoDAverageDynamicKernel_schedule_C.mps.gz" -threads 4 -solve  -printi csv -solu "TwoDAverageDynamicKernel_schedule_C.csv" > "TwoDAverageDynamicKernel_schedule_C.stdout.log"
Thu 09:08: INFO    : Optimum found: 138873
Thu 09:08: INFO    : Graph-pass 'ScheduleConstants' took 216.328 ms (1 iterations)
Thu 09:08: INFO    : Running kernel graph-pass 'MarkConstantPass'.
Thu 09:08: INFO    : Graph-pass 'MarkConstantPass' took 864.981 ?s (1 iterations)
Thu 09:08: INFO    : Running kernel graph-pass 'ScheduleDumper'.
Thu 09:08: INFO    : Graph-pass 'ScheduleDumper' took 5.02362 ms (1 iterations)
Thu 09:08: INFO    : Running kernel graph-pass 'SubstituteEqPlaceholders'.
Thu 09:08: INFO    : Graph-pass 'SubstituteEqPlaceholders' took 90.6090 ?s (1 iterations)
Thu 09:08: INFO    : Running kernel graph-pass 'RemoveDistMeasurementNodes'.
Thu 09:08: INFO    : Graph-pass 'RemoveDistMeasurementNodes' took 15.3020 ?s (1 iterations)
Thu 09:08: INFO    : Running kernel graph-pass 'ScheduleApplier'.
Thu 09:08: INFO    : Graph-pass 'ScheduleApplier' took 110.124 ms (1 iterations)
Thu 09:08: INFO    : Maximum stream latency for kernel 'TwoDAverageDynamicKernel': 4150
Thu 09:08: INFO    : Using user logic for flush.
Thu 09:08: INFO    : Running Photon post-schedule graph optimisations (pass 2)
Thu 09:08: INFO    : Running kernel graph-pass 'TapFIFOsPass'.
Thu 09:08: INFO    : Graph-pass 'TapFIFOsPass' took 56.3273 ms (2 iterations)
Thu 09:08: INFO    : Running kernel graph-pass 'FoldFIFOsPass'.
Thu 09:08: INFO    : Graph-pass 'FoldFIFOsPass' took 3.44742 ms (1 iterations)
Thu 09:08: INFO    : Running kernel graph-pass 'MarkConstantPass'.
Thu 09:08: INFO    : Graph-pass 'MarkConstantPass' took 1.18430 ms (1 iterations)
Thu 09:08: INFO    : Running kernel graph-pass 'ScheduleAsserter'.
Thu 09:08: INFO    : Graph-pass 'ScheduleAsserter' took 5.46479 ms (1 iterations)
Thu 09:08: INFO    : Running kernel graph-pass 'ReplaceEvalStreamOffsetNodes'.
Thu 09:08: INFO    : Graph-pass 'ReplaceEvalStreamOffsetNodes' took 724.206 ?s (1 iterations)
Thu 09:08: INFO    : Running kernel graph-pass 'FIFOReport'.
Thu 09:08: INFO    : Graph-pass 'FIFOReport' took 9.97957 ms (1 iterations)
Thu 09:08: INFO    : Running kernel graph-pass 'StatsPass'.
Thu 09:08: INFO    : Graph-pass 'StatsPass' took 4.49126 ms (1 iterations)
Thu 09:08: INFO    : Running kernel graph-pass 'RemoveUntypedConstants'.
Thu 09:08: INFO    : Graph-pass 'RemoveUntypedConstants' took 26.3033 ms (1 iterations)
Thu 09:08: INFO    : Running kernel graph-pass 'VariableSizeMappedRegInserter'.
Thu 09:08: INFO    : Graph-pass 'VariableSizeMappedRegInserter' took 562.652 ?s (1 iterations)
Thu 09:08: INFO    : Running kernel graph-pass 'MarkConstantPass'.
Thu 09:08: INFO    : Graph-pass 'MarkConstantPass' took 714.915 ?s (1 iterations)
Thu 09:08: INFO    : Running kernel graph-pass 'MakeMaxFileNodeData'.
Thu 09:08: INFO    : Graph-pass 'MakeMaxFileNodeData' took 16.6243 ms (1 iterations)
Thu 09:08: INFO    : Running kernel graph-pass 'MoveFanoutRegsForwards'.
Thu 09:08: INFO    : Graph-pass 'MoveFanoutRegsForwards' took 271.361 ?s (1 iterations)
Thu 09:08: INFO    : Optimization report for Kernel 'TwoDAverageDynamicKernel'.
Thu 09:08: INFO    : Enabled optimizations:
Thu 09:08: INFO    : 	DSP-MultAdd
Thu 09:08: INFO    : 	Tri-Adder
Thu 09:08: INFO    : 	Conditional (Tri)Adds/Subs/AddSubs
Thu 09:08: INFO    : 	Power-of-2 Floating Point
Thu 09:08: INFO    : Creating a preliminary MaxCompilerDesignData.dat. (@ CoreCompile TwoDAverageDynamicKernel)
Thu 09:08: INFO    : Total compilation of 'TwoDAverageDynamicKernel' took 1.48304 s.
Thu 09:08: INFO    : Running kernel graph-pass 'MarkConstantPass'.
Thu 09:08: INFO    : Graph-pass 'MarkConstantPass' took 645.028 ?s (1 iterations)
Thu 09:08: INFO    : Running kernel graph-pass 'MaxConstantLatency'.
Thu 09:08: INFO    : Graph-pass 'MaxConstantLatency' took 909.047 ?s (1 iterations)
Thu 09:08: INFO    : Running kernel graph-pass 'SimCodeGraphPass'.
Thu 09:08: INFO    : Graph-pass 'SimCodeGraphPass' took 26.1874 ms (1 iterations)
Thu 09:08: INFO    : Writing current graph to: TwoDAverageDynamic-TwoDAverageDynamicKernel-final-simulation.pxg
Thu 09:08: INFO    : Running kernel graph-pass 'GeneratePXG'.
Thu 09:08: INFO    : Graph-pass 'GeneratePXG' took 97.4794 ms (1 iterations)
Thu 09:08: INFO    : Running manager compiler graph-pass: GenerateMXGInfo
Thu 09:08: INFO    : Running manager compiler graph-pass: ScheduleStallLatency
Thu 09:08: INFO    : Running manager compiler graph-pass: ClockWidthAssignment
Thu 09:08: INFO    : Running manager compiler graph-pass: InsertDualAspectLogic
Thu 09:08: INFO    : Running manager compiler graph-pass: ClockWidthAssignment
Thu 09:08: INFO    : Running manager compiler graph-pass: InsertPullPushAdapter
Thu 09:08: INFO    : Running manager compiler graph-pass: ClockWidthAssignment
Thu 09:08: INFO    : Running manager compiler graph-pass: InsertStreamFifos
Thu 09:08: INFO    : Running manager compiler graph-pass: ClockWidthAssignment
Thu 09:08: INFO    : Running manager compiler graph-pass: InsertStreamStatus
Thu 09:08: INFO    : Running manager compiler graph-pass: InsertChipscope
Thu 09:08: INFO    : Inserted 0 chipscope manager nodes.
Thu 09:08: INFO    : Running manager compiler graph-pass: ClockWidthAssignment
Thu 09:08: INFO    : Running manager compiler graph-pass: ReportClockAssignments
Thu 09:08: INFO    : Running manager compiler graph-pass: BuildSoftwareSim
Thu 09:08: INFO    : Mapped register report:
Thu 09:08: INFO    : 	0	io_inStream_force_disabled	1bytes
Thu 09:08: INFO    : 	1	nx	4bytes
Thu 09:08: INFO    : 	5	io_outStream_force_disabled	1bytes
Thu 09:08: INFO    : 	6	io_counter_force_disabled	1bytes
Thu 09:08: INFO    : 	7	run_cycle_count	6bytes
Thu 09:08: INFO    : 	d	current_run_cycle_count	6bytes
Thu 09:08: INFO    : 	13	dbg_ctld_almost_empty	1bytes
Thu 09:08: INFO    : 	14	dbg_ctld_done	1bytes
Thu 09:08: INFO    : 	15	dbg_ctld_empty	1bytes
Thu 09:08: INFO    : 	16	dbg_ctld_read	1bytes
Thu 09:08: INFO    : 	17	dbg_ctld_read_pipe_dbg	1bytes
Thu 09:08: INFO    : 	18	dbg_ctld_request	1bytes
Thu 09:08: INFO    : 	19	dbg_done_out	1bytes
Thu 09:08: INFO    : 	1a	dbg_fill_level	2bytes
Thu 09:08: INFO    : 	1c	dbg_flush_level	2bytes
Thu 09:08: INFO    : 	1e	dbg_flush_start	1bytes
Thu 09:08: INFO    : 	1f	dbg_flush_start_level	2bytes
Thu 09:08: INFO    : 	21	dbg_flushing	1bytes
Thu 09:08: INFO    : 	22	dbg_full_level	2bytes
Thu 09:08: INFO    : 	24	dbg_out_stall	1bytes
Thu 09:08: INFO    : 	25	dbg_out_valid	1bytes
Thu 09:08: INFO    : 	26	dbg_stall_vector	1bytes
Thu 09:08: INFO    : 	27	ifpga_ctrl	1bytes
Thu 09:08: INFO    : 	28	SFA_FORWARD_EN	4bytes
Thu 09:08: INFO    : Mapped register chain length = 44
Thu 09:08: INFO    : Mapped register efficiency = 0.68 (240 / 352 bits)
Thu 09:08: INFO    : Mapped memory report:
Thu 09:08: INFO    : 	No mapped memories in this design.
Thu 09:08: INFO    : Running manager compiler graph-pass: GenerateMXGInfo
Thu 09:08: INFO    : Running manager compiler graph-pass: GenerateSlicHostCode
Thu 09:08: INFO    : Generating SLIC interface information
Thu 09:08: INFO    : Generating SLIC code for interface 'default'
Thu 09:08: INFO    : Skipping blacklisted scalar parameter 'TwoDAverageDynamicKernel.current_run_cycle_count'
Thu 09:08: INFO    : Interface 'default' depends on parameter 'N'
Thu 09:08: INFO    : Generating XML description for Maxfile
Thu 09:08: INFO    : Generating XML description for mode 'default'
Thu 09:08: INFO    : Skipping blacklisted scalar parameter 'TwoDAverageDynamicKernel.current_run_cycle_count'
Thu 09:08: INFO    : Interface 'default' depends on parameter 'N'
Thu 09:08: INFO    : Adding SLIC sections to the maxfile
Thu 09:08: INFO    : Adding user files to the maxfile
Thu 09:08: INFO    : Generating SLIC include file
Thu 09:08: INFO    : Done generating SLIC interface information
Thu 09:08: PROGRESS: Running back-end simulation build (3 phases)
Thu 09:08: PROGRESS: (1/3) - Prepare MaxFile Data (GenerateMaxFileDataFile)
Thu 09:08: INFO    : Build pass 'GenerateMaxFileDataFile' took 15.1048 ms.
Thu 09:08: PROGRESS: (2/3) - Compile Simulation Modules (SimCompilePass)
Thu 09:08: INFO    : Running command: make -j2
Thu 09:08: INFO    : make[3]: Entering directory `/tmp/TwoDAverageDynamic_MAIA_DFE_SIM/scratch/software-sim/build'
Thu 09:08: INFO    : mkdir -p objdir
Thu 09:08: INFO    : mkdir -p stdsimheader.h.gch
Thu 09:08: INFO    : /opt/maxcompiler//lib/clang/bin/start.sh clang++ -c -fPIC -B/opt/maxcompiler//lib/gcc -fbracket-depth=1024 -D_GLIBCXX__PTHREADS -D__USE_XOPEN2K8 -O3  -I. -I/opt/maxcompiler//lib/boost/include -I/opt/maxcompiler//lib/maxeleros-sim/include -I/opt/maxcompiler//lib/lwip_sim -I/opt/maxcompiler//lib/lwip_sim/include -I/opt/maxcompiler//lib/lwip_sim/include/arch -I/opt/maxcompiler//lib/lwip_sim/include/ipv4  -DHAVE_KERNELS -DMAXFILE_INC="../../MaxCompilerDesignData.dat" -g0  -DSLIC_NO_DECLARATIONS   -O0 -DOPTIMIZATION_LEVEL=0 -x c++-header \
Thu 09:08: INFO    : 		-o stdsimheader.h.gch/O0_stdsimheader.h.gch stdsimheader.h
Thu 09:08: INFO    : /opt/maxcompiler//lib/clang/bin/start.sh clang++ -c -fPIC -B/opt/maxcompiler//lib/gcc -fbracket-depth=1024 -D_GLIBCXX__PTHREADS -D__USE_XOPEN2K8 -O3  -I. -I/opt/maxcompiler//lib/boost/include -I/opt/maxcompiler//lib/maxeleros-sim/include -I/opt/maxcompiler//lib/lwip_sim -I/opt/maxcompiler//lib/lwip_sim/include -I/opt/maxcompiler//lib/lwip_sim/include/arch -I/opt/maxcompiler//lib/lwip_sim/include/ipv4  -DHAVE_KERNELS -DMAXFILE_INC="../../MaxCompilerDesignData.dat" -g0  -DSLIC_NO_DECLARATIONS   -fno-implicit-templates -O2 -DOPTIMIZATION_LEVEL=2 -x c++-header \
Thu 09:08: INFO    : 		-o stdsimheader.h.gch/NoTplInst_O2_stdsimheader.h.gch stdsimheader.h
Thu 09:08: INFO    : make TwoDAverageDynamic.so
Thu 09:08: INFO    : make[4]: Entering directory `/tmp/TwoDAverageDynamic_MAIA_DFE_SIM/scratch/software-sim/build'
Thu 09:08: INFO    : /opt/maxcompiler//lib/clang/bin/start.sh clang++ -c -fPIC -B/opt/maxcompiler//lib/gcc -fbracket-depth=1024 -D_GLIBCXX__PTHREADS -D__USE_XOPEN2K8 -O3  -I. -I/opt/maxcompiler//lib/boost/include -I/opt/maxcompiler//lib/maxeleros-sim/include -I/opt/maxcompiler//lib/lwip_sim -I/opt/maxcompiler//lib/lwip_sim/include -I/opt/maxcompiler//lib/lwip_sim/include/arch -I/opt/maxcompiler//lib/lwip_sim/include/ipv4  -DHAVE_KERNELS -DMAXFILE_INC="../../MaxCompilerDesignData.dat" -g0  -DSLIC_NO_DECLARATIONS   -fno-implicit-templates -include-pch stdsimheader.h.gch -O2 -DOPTIMIZATION_LEVEL=2 -o objdir/TwoDAverageDynamicKernel_exec0.NoTplInst.O2.o TwoDAverageDynamicKernel_exec0.cpp
Thu 09:08: INFO    : /opt/maxcompiler//lib/clang/bin/start.sh clang++ -c -fPIC -B/opt/maxcompiler//lib/gcc -fbracket-depth=1024 -D_GLIBCXX__PTHREADS -D__USE_XOPEN2K8 -O3  -I. -I/opt/maxcompiler//lib/boost/include -I/opt/maxcompiler//lib/maxeleros-sim/include -I/opt/maxcompiler//lib/lwip_sim -I/opt/maxcompiler//lib/lwip_sim/include -I/opt/maxcompiler//lib/lwip_sim/include/arch -I/opt/maxcompiler//lib/lwip_sim/include/ipv4  -DHAVE_KERNELS -DMAXFILE_INC="../../MaxCompilerDesignData.dat" -g0  -DSLIC_NO_DECLARATIONS   -include-pch stdsimheader.h.gch -O0 -DOPTIMIZATION_LEVEL=0 -o objdir/TwoDAverageDynamicKernel.O0.o TwoDAverageDynamicKernel.cpp
Thu 09:08: INFO    : /opt/maxcompiler//lib/clang/bin/start.sh clang++ -fPIC -B/opt/maxcompiler//lib/gcc -fbracket-depth=1024 -D_GLIBCXX__PTHREADS -D__USE_XOPEN2K8 -O3  -I. -I/opt/maxcompiler//lib/boost/include -I/opt/maxcompiler//lib/maxeleros-sim/include -I/opt/maxcompiler//lib/lwip_sim -I/opt/maxcompiler//lib/lwip_sim/include -I/opt/maxcompiler//lib/lwip_sim/include/arch -I/opt/maxcompiler//lib/lwip_sim/include/ipv4  -DHAVE_KERNELS -DMAXFILE_INC="../../MaxCompilerDesignData.dat" -g0  -DSLIC_NO_DECLARATIONS   -MM -MP -MT objdir/TwoDAverageDynamicKernel.O0.o \
Thu 09:08: INFO    : 		TwoDAverageDynamicKernel.cpp > objdir/TwoDAverageDynamicKernel.O0.d
Thu 09:08: INFO    : /opt/maxcompiler//lib/clang/bin/start.sh clang++ -c -fPIC -B/opt/maxcompiler//lib/gcc -fbracket-depth=1024 -D_GLIBCXX__PTHREADS -D__USE_XOPEN2K8 -O3  -I. -I/opt/maxcompiler//lib/boost/include -I/opt/maxcompiler//lib/maxeleros-sim/include -I/opt/maxcompiler//lib/lwip_sim -I/opt/maxcompiler//lib/lwip_sim/include -I/opt/maxcompiler//lib/lwip_sim/include/arch -I/opt/maxcompiler//lib/lwip_sim/include/ipv4  -DHAVE_KERNELS -DMAXFILE_INC="../../MaxCompilerDesignData.dat" -g0  -DSLIC_NO_DECLARATIONS   -include-pch stdsimheader.h.gch -O2 -DOPTIMIZATION_LEVEL=2 -o objdir/TwoDAverageDynamicKernel_Templates.O2.o TwoDAverageDynamicKernel_Templates.cpp
Thu 09:08: INFO    : /opt/maxcompiler//lib/clang/bin/start.sh clang++ -fPIC -B/opt/maxcompiler//lib/gcc -fbracket-depth=1024 -D_GLIBCXX__PTHREADS -D__USE_XOPEN2K8 -O3  -I. -I/opt/maxcompiler//lib/boost/include -I/opt/maxcompiler//lib/maxeleros-sim/include -I/opt/maxcompiler//lib/lwip_sim -I/opt/maxcompiler//lib/lwip_sim/include -I/opt/maxcompiler//lib/lwip_sim/include/arch -I/opt/maxcompiler//lib/lwip_sim/include/ipv4  -DHAVE_KERNELS -DMAXFILE_INC="../../MaxCompilerDesignData.dat" -g0  -DSLIC_NO_DECLARATIONS   -MM -MP -MT objdir/TwoDAverageDynamicKernel_exec0.NoTplInst.O2.o \
Thu 09:08: INFO    : 		TwoDAverageDynamicKernel_exec0.cpp > objdir/TwoDAverageDynamicKernel_exec0.NoTplInst.O2.d
Thu 09:08: INFO    : /opt/maxcompiler//lib/clang/bin/start.sh clang++ -c -fPIC -B/opt/maxcompiler//lib/gcc -fbracket-depth=1024 -D_GLIBCXX__PTHREADS -D__USE_XOPEN2K8 -O3  -I. -I/opt/maxcompiler//lib/boost/include -I/opt/maxcompiler//lib/maxeleros-sim/include -I/opt/maxcompiler//lib/lwip_sim -I/opt/maxcompiler//lib/lwip_sim/include -I/opt/maxcompiler//lib/lwip_sim/include/arch -I/opt/maxcompiler//lib/lwip_sim/include/ipv4  -DHAVE_KERNELS -DMAXFILE_INC="../../MaxCompilerDesignData.dat" -g0  -DSLIC_NO_DECLARATIONS   -include-pch stdsimheader.h.gch -O0 -DOPTIMIZATION_LEVEL=0 -o objdir/max_msi.O0.o max_msi.cpp
Thu 09:08: INFO    : In file included from max_msi.cpp:19:
Thu 09:08: INFO    : /tmp/TwoDAverageDynamic_MAIA_DFE_SIM/scratch/software-sim/build/MaxFile.h:4:9: warning: '_QUOTE' macro redefined [-Wmacro-redefined]
Thu 09:08: INFO    : #define _QUOTE(what) #what
Thu 09:08: INFO    :         ^
Thu 09:08: INFO    : /opt/maxcompiler//lib/maxeleros-sim/include/maxrt_error.h:87:9: note: previous definition is here
Thu 09:08: INFO    : #define _QUOTE(x) #x
Thu 09:08: INFO    :         ^
Thu 09:08: INFO    : /opt/maxcompiler//lib/clang/bin/start.sh clang++ -fPIC -B/opt/maxcompiler//lib/gcc -fbracket-depth=1024 -D_GLIBCXX__PTHREADS -D__USE_XOPEN2K8 -O3  -I. -I/opt/maxcompiler//lib/boost/include -I/opt/maxcompiler//lib/maxeleros-sim/include -I/opt/maxcompiler//lib/lwip_sim -I/opt/maxcompiler//lib/lwip_sim/include -I/opt/maxcompiler//lib/lwip_sim/include/arch -I/opt/maxcompiler//lib/lwip_sim/include/ipv4  -DHAVE_KERNELS -DMAXFILE_INC="../../MaxCompilerDesignData.dat" -g0  -DSLIC_NO_DECLARATIONS   -MM -MP -MT objdir/TwoDAverageDynamicKernel_Templates.O2.o \
Thu 09:08: INFO    : 		TwoDAverageDynamicKernel_Templates.cpp > objdir/TwoDAverageDynamicKernel_Templates.O2.d
Thu 09:08: INFO    : 1 warning generated.
Thu 09:08: INFO    : /opt/maxcompiler//lib/clang/bin/start.sh clang++ -fPIC -B/opt/maxcompiler//lib/gcc -fbracket-depth=1024 -D_GLIBCXX__PTHREADS -D__USE_XOPEN2K8 -O3  -I. -I/opt/maxcompiler//lib/boost/include -I/opt/maxcompiler//lib/maxeleros-sim/include -I/opt/maxcompiler//lib/lwip_sim -I/opt/maxcompiler//lib/lwip_sim/include -I/opt/maxcompiler//lib/lwip_sim/include/arch -I/opt/maxcompiler//lib/lwip_sim/include/ipv4  -DHAVE_KERNELS -DMAXFILE_INC="../../MaxCompilerDesignData.dat" -g0  -DSLIC_NO_DECLARATIONS   -MM -MP -MT objdir/max_msi.O0.o \
Thu 09:08: INFO    : 		max_msi.cpp > objdir/max_msi.O0.d
Thu 09:08: INFO    : /opt/maxcompiler//lib/clang/bin/start.sh clang++ -fPIC -shared -B/opt/maxcompiler//lib/gcc -L/opt/maxcompiler//lib/boost/lib -lboost_thread -lboost_system -lboost_filesystem -lrt -pthread -O2 -s  -o TwoDAverageDynamic.so objdir/TwoDAverageDynamicKernel_exec0.NoTplInst.O2.o objdir/TwoDAverageDynamicKernel.O0.o objdir/TwoDAverageDynamicKernel_Templates.O2.o objdir/max_msi.O0.o StructToGroupDummy.o Mux.o DualAspectMux.o Demux.o Fanout.o CapRegs.o IFPGARegs.o ChecksumMem.o PCIe.o KernelManagerBlockSync.o DualAspectReg.o PullPushAdapter.o FilePullSource.o max_shared_fifo.o SharedFIFO.o Fifos.o FilePushSink.o SimTerminator.o Watch.o StreamStatus.o RunLengthExpander.o ManagerBlock.o MappedElements.o ManagerSync.o PullSync.o PushSync.o DynamicVarUInt.o SimException.o DebugStreams.o AddressGenerator.o MemoryControllerPro.o MemoryControllerRAM.o MemoryControllerCommand.o MemoryControllerStreams.o MemoryControllerConfig.o TCP.o Ethernet.o Timestamp.o /opt/maxcompiler//lib/lwip_sim/lib/liblwip.a
Thu 09:08: INFO    : make[4]: Leaving directory `/tmp/TwoDAverageDynamic_MAIA_DFE_SIM/scratch/software-sim/build'
Thu 09:08: INFO    : make[3]: Leaving directory `/tmp/TwoDAverageDynamic_MAIA_DFE_SIM/scratch/software-sim/build'
Thu 09:08: INFO    : Build pass 'SimCompilePass' took 6.93021 s.
Thu 09:08: PROGRESS: (3/3) - Generate MaxFile (AddSimObjectToMaxFilePass)
Thu 09:08: INFO    : Build pass 'AddSimObjectToMaxFilePass' took 219.564 ms.
Thu 09:08: INFO    : Final result files after build: 
Thu 09:08: INFO    : Running command: ln -sf "../scratch/TwoDAverageDynamic-TwoDAverageDynamicKernel-original.pxg"
Thu 09:08: INFO    : TwoDAverageDynamic-TwoDAverageDynamicKernel-original.pxg (BuildFilePXG)
Thu 09:08: INFO    : Running command: ln -sf "../scratch/TwoDAverageDynamicKernel_Configuration.txt"
Thu 09:08: INFO    : TwoDAverageDynamicKernel_Configuration.txt (BuildFile)
Thu 09:08: INFO    : Running command: ln -sf "../scratch/TwoDAverageDynamicKernel_NodeDiary.txt"
Thu 09:08: INFO    : TwoDAverageDynamicKernel_NodeDiary.txt (BuildFile)
Thu 09:08: INFO    : Running command: ln -sf "../scratch/TwoDAverageDynamic-TwoDAverageDynamicKernel-final-simulation.pxg"
Thu 09:08: INFO    : TwoDAverageDynamic-TwoDAverageDynamicKernel-final-simulation.pxg (BuildFilePXG)
Thu 09:08: INFO    : Running command: ln -sf "../scratch/TwoDAverageDynamic.xml"
Thu 09:08: INFO    : TwoDAverageDynamic.xml (BuildFile)
Thu 09:08: INFO    : Running command: ln -sf "../scratch/TwoDAverageDynamic.h"
Thu 09:08: INFO    : TwoDAverageDynamic.h (BuildFileSlicH)
Thu 09:08: INFO    : Running command: ln -sf "../scratch/TwoDAverageDynamic.max"
Thu 09:08: INFO    : TwoDAverageDynamic.max (BuildFileMaxFile)
Thu 09:08: INFO    : Result files will be copied to '/home/a01463926/WebIDE-Projects/EdgeSegmentation2/CPUCode/results'
Thu 09:08: INFO    : Result 'TwoDAverageDynamic-TwoDAverageDynamicKernel-original.pxg' is identical to '/home/a01463926/WebIDE-Projects/EdgeSegmentation2/CPUCode/results/TwoDAverageDynamic-TwoDAverageDynamicKernel-original.pxg': not overwriting.
Thu 09:08: INFO    : Result 'TwoDAverageDynamic-TwoDAverageDynamicKernel-final-simulation.pxg' is identical to '/home/a01463926/WebIDE-Projects/EdgeSegmentation2/CPUCode/results/TwoDAverageDynamic-TwoDAverageDynamicKernel-final-simulation.pxg': not overwriting.
Thu 09:08: INFO    : Result 'TwoDAverageDynamic.h' is identical to '/home/a01463926/WebIDE-Projects/EdgeSegmentation2/CPUCode/results/TwoDAverageDynamic.h': not overwriting.
Thu 09:08: INFO    : Copying result 'TwoDAverageDynamic.max' to '/home/a01463926/WebIDE-Projects/EdgeSegmentation2/CPUCode/results/TwoDAverageDynamic.max'
Thu 09:08: INFO    : Running command: cp -rf "/tmp/TwoDAverageDynamic_MAIA_DFE_SIM/scratch/TwoDAverageDynamic.max" "/home/a01463926/WebIDE-Projects/EdgeSegmentation2/CPUCode/results/TwoDAverageDynamic.max"
Thu 09:08: PROGRESS: MaxFile: /tmp/TwoDAverageDynamic_MAIA_DFE_SIM/results/TwoDAverageDynamic.max (MD5Sum: 910be55680ec064ec1106cbc1bdfa622)
Thu 09:08: INFO    : Waiting for any outstanding jobs to finish... 
Thu 09:08: PROGRESS: Build completed: Thu May 31 09:08:17 UTC 2018 (took 10 secs)
